<!DOCTYPE html>
<html lang="en">
  <head>
    <meta charset="utf-8">
    <meta http-equiv="X-UA-Compatible" content="IE=edge">
    <meta name="viewport" content="width=device-width,initial-scale=1">
    <meta content="telephone=no" name="format-detection">
    <meta content="email=no" name="format-detection">
    <title>Euro to US Dollar, convert 1 EUR in USD</title>
    <meta name="description" content="Convert: ᐈ  Euro (EUR) to US Dollar (USD) - currency converter, course history">
    <link rel="canonical" href="https://eur.currencyrate.today/usd">
    <link rel="alternate" hreflang="x-default" href="https://eur.currencyrate.today/usd">
    <link rel="alternate" hreflang="en" href="https://eur.currencyrate.today/usd">
    <link rel="alternate" hreflang="fr" href="https://eur.fr.currencyrate.today/usd">
    <link rel="alternate" hreflang="de" href="https://eur.de.currencyrate.today/usd">
    <link rel="alternate" hreflang="es" href="https://eur.es.currencyrate.today/usd">
    <link rel="alternate" hreflang="it" href="https://eur.it.currencyrate.today/usd">
    <link rel="alternate" hreflang="zh-cn" href="https://eur.cn.currencyrate.today/usd">
    <link rel="alternate" hreflang="ru" href="https://eur.ru.currencyrate.today/usd">
    <link rel="alternate" hreflang="hi" href="https://eur.hi.currencyrate.today/usd">
    <link rel="alternate" hreflang="id" href="https://eur.id.currencyrate.today/usd">
    <link rel="alternate" hreflang="ja" href="https://eur.ja.currencyrate.today/usd">
    <link rel="alternate" hreflang="pt" href="https://eur.pt.currencyrate.today/usd">
    <meta property="og:title" content="Euro to US Dollar, convert 1 EUR in USD">
    <meta property="og:image" content="https://currencyrate.today/f/logo_color.jpg">
    <meta property="og:description" content="Convert: ᐈ  Euro (EUR) to US Dollar (USD) - currency converter, course history">
                    <link href="https://e7z2x3k7.stackpathcdn.com/f/css/new_style6.min.css" rel="stylesheet">
    <link rel="shortcut icon" href="https://e7z2x3k7.stackpathcdn.com/f/favicon.ico">
    <link rel="apple-touch-icon" sizes="144x144" href="https://e7z2x3k7.stackpathcdn.com/f/i/apple-touch-icon-144-precomposed.png">
    <link rel="apple-touch-icon" sizes="114x114" href="https://e7z2x3k7.stackpathcdn.com/f/i/apple-touch-icon-114-precomposed.png">
    <link rel="apple-touch-icon" sizes="72x72" href="https://e7z2x3k7.stackpathcdn.com/f/i/apple-touch-icon-72-precomposed.png">
    <link rel="apple-touch-icon" href="https://e7z2x3k7.stackpathcdn.com/f/i/apple-touch-icon-57-precomposed.png">
    <script>
      (adsbygoogle = window.adsbygoogle || []).push({
        google_ad_client: "ca-pub-5704832978264358",
        enable_page_level_ads: true
      });
    </script>
  </head>
  <body><div class="container">
  <nav class="navbar navbar-default">
    <div class="navbar-header">
      <button type="button" class="navbar-toggle collapsed" data-toggle="collapse" data-target=".navbar-collapse">
        <span class="sr-only">CurrencyRate.Today navigation</span>
        <span class="icon-bar"></span>
        <span class="icon-bar"></span>
        <span class="icon-bar"></span>
      </button>
      <a class="navbar-brand" href="https://currencyrate.today">CurrencyRate</a>
    </div>
    <div class="collapse navbar-collapse">
      <ul class="nav navbar-nav">
        <li class="dropdown">
            <a href="#" class="dropdown-toggle" data-toggle="dropdown">Widgets <span class="caret"></span></a>
            <ul class="dropdown-menu" role="menu">
              <li><a href="https://currencyrate.today/converter-widget">Currency Converter Widget</a></li>
              <li><a href="https://currencyrate.today/exchangerates-widget">Exchange Rates Widget</a></li>
            </ul>
        </li>
      </ul>
      <ul class="nav navbar-nav">
        <li class="dropdown">
            <a href="#" class="dropdown-toggle" data-toggle="dropdown">Currencies info <span class="caret"></span></a>
            <ul class="dropdown-menu" role="menu">
              <li><a href="https://currencyrate.today/different-currencies">Different currencies</a></li>
            </ul>
        </li>
      </ul>
      <ul class="nav navbar-nav navbar-right">
        <li class="dropdown">
            <a href="#" class="dropdown-toggle" data-toggle="dropdown"><span class="flags flag-en"></span>English <span class="caret"></span></a>
            <ul class="dropdown-menu" role="menu">
                            <li><a href="https://eur.ru.currencyrate.today/usd"><span class="flags flag-ru"></span>Русский</a></li>
                            <li><a href="https://eur.it.currencyrate.today/usd"><span class="flags flag-it"></span>Italiano</a></li>
                            <li><a href="https://eur.fr.currencyrate.today/usd"><span class="flags flag-fr"></span>Français</a></li>
                            <li><a href="https://eur.es.currencyrate.today/usd"><span class="flags flag-es"></span>Español</a></li>
                            <li><a href="https://eur.cn.currencyrate.today/usd"><span class="flags flag-cn"></span>中国</a></li>
                            <li><a href="https://eur.de.currencyrate.today/usd"><span class="flags flag-de"></span>Deutsch</a></li>
                            <li><a href="https://eur.hi.currencyrate.today/usd"><span class="flags flag-hi"></span>हिन्दी</a></li>
                            <li><a href="https://eur.id.currencyrate.today/usd"><span class="flags flag-id"></span>Bahasa Indonesia</a></li>
                            <li><a href="https://eur.ja.currencyrate.today/usd"><span class="flags flag-ja"></span>日本語</a></li>
                            <li><a href="https://eur.pt.currencyrate.today/usd"><span class="flags flag-pt"></span>Português</a></li>
                          </ul>
        </li>
      </ul>
    </div>
  </nav>
      <div class="panel panel-default">
      <ins class="adsbygoogle"
     style="display:block"
     data-ad-client="ca-pub-5704832978264358"
     data-ad-slot="5155227619"
     data-ad-format="auto"></ins>
<script>
(adsbygoogle = window.adsbygoogle || []).push({});
</script>    </div>
  </div><div class="container">
	<div class="row">
		<div class="col-md-9">
			<div class="panel panel-default">
				<div class="panel-heading" style="padding: 5px;">
					<ol class="breadcrumb">
					  <li itemscope="" itemtype="http://data-vocabulary.org/Breadcrumb"><a itemprop="url" href="https://currencyrate.today"><span itemprop="title">Home</span></a></li>
					  <li itemscope="" itemtype="http://data-vocabulary.org/Breadcrumb"><a itemprop="url" href="https://eur.currencyrate.today"><span itemprop="title">Euro (EUR)</span></a></li>
					  <li itemscope="" itemtype="http://data-vocabulary.org/Breadcrumb"><a itemprop="url" href="https://eur.currencyrate.today/usd"><span itemprop="title">US Dollar (USD)</span></a></li>
					  <li class="active">1</li>
					</ol>
				</div>
				<div class="panel-body">
					<h1 class="red">1 EUR Euro to USD US Dollar</h1>
										<div class="top-10">
	<p>
		The page provides the exchange rate of 1 Euro (EUR) to US Dollar (USD), sale and conversion rate. Moreover, we added the list of the most popular conversions for visualization and the history table with exchange rate diagram for 1 Euro (EUR) to US Dollar (USD) from Thursday, 27/09/2018 till Thursday, 20/09/2018. Latest update of 1 Euro (EUR) exchange rate.<br>Reversed rate: 		<svg width="16" height="16" viewBox="0 0 1792 1792" xmlns="http://www.w3.org/2000/svg"><path d="M1639 1056q0 5-1 7-64 268-268 434.5t-478 166.5q-146 0-282.5-55t-243.5-157l-129 129q-19 19-45 19t-45-19-19-45v-448q0-26 19-45t45-19h448q26 0 45 19t19 45-19 45l-137 137q71 66 161 102t187 36q134 0 250-65t186-179q11-17 53-117 8-23 30-23h192q13 0 22.5 9.5t9.5 22.5zm25-800v448q0 26-19 45t-45 19h-448q-26 0-45-19t-19-45 19-45l138-138q-148-137-349-137-134 0-250 65t-186 179q-11 17-53 117-8 23-30 23h-199q-13 0-22.5-9.5t-9.5-22.5v-7q65-268 270-434.5t480-166.5q146 0 284 55.5t245 156.5l130-129q19-19 45-19t45 19 19 45z" fill="#000000"/></svg>
		<a href="https://usd.currencyrate.today/eur">US Dollar (USD) to			Euro (EUR)</a>
	</p>
</div>
<p>Convert currency 1 EUR to USD. How much is 1 Euro to US Dollar? &mdash; 1.16 US Dollar.</p>
					<ins class="adsbygoogle"
     style="display:block"
     data-ad-client="ca-pub-5704832978264358"
     data-ad-slot="3938407878"
     data-ad-format="link"></ins>
<script>
(adsbygoogle = window.adsbygoogle || []).push({});
</script>									</div>
				<div class="panel-footer">
					<h2>EUR Euro to USD US Dollar					Currency Rates Today: Thursday, 27/09/2018</h2>
				</div>
				<div class="panel-body">
										<div class="row top-10">
	<div class="col-xs-12 col-md-7 text-center">
				<ins class="adsbygoogle"
     style="display:block"
     data-ad-client="ca-pub-5704832978264358"
     data-ad-slot="5155227619"
     data-ad-format="auto"></ins>
<script>
(adsbygoogle = window.adsbygoogle || []).push({});
</script>			</div>
	<div class="col-xs-12 col-md-5 text-center top-10">
		<div class="clearfix"></div>
		<div class="well well-sm cc-block-result">
		    <p>
		        <small class="text-muted">Euro</small>
		        <br>
		        <span class="cc-result">1 EUR</span>
		        <br>=<br>
		        <span class="cc-result">1.16 USD</span>
		        <br>
		        <small class="text-muted">US Dollar</small>
		    </p>
		    <small class="text-muted">1.16</small>
	    </div>
	    <p class="text-muted">
	        €1.00 = $1.16		    			<sup class="text-danger">&darr; -0.00991</sup>		</p>
		<p>
			<em style="font-size:12px;">
		        Inverse: 1.00 USD = 0.858 EUR				<br>
				Selling 1.00 EUR you get 1.16 USD		    </em>
		</p>
	</div>
</div>									</div>
			</div>
			<div class="panel panel-success">
	<div class="panel-heading">Currency Converter <a href="https://currencyrate.today/converter-widget" class="cc-link">Get widget</a>
	</div>
	<form class="panel-body" action="/convert" method="post">
		<div class="form-group">
    		<div class="input-group">
    			<div class="input-group-addon" id="currency-code">EUR</div>
    			<input class="form-control" id="value" name="value" type="text" value="1" placeholder="100">
    			<span class="input-group-btn">
    				<button id="swap" class="btn btn-default" type="button"><svg width="16" height="16" viewBox="0 0 1792 1792" xmlns="http://www.w3.org/2000/svg"><path d="M1792 1184v192q0 13-9.5 22.5t-22.5 9.5h-1376v192q0 13-9.5 22.5t-22.5 9.5q-12 0-24-10l-319-320q-9-9-9-22 0-14 9-23l320-320q9-9 23-9 13 0 22.5 9.5t9.5 22.5v192h1376q13 0 22.5 9.5t9.5 22.5zm0-544q0 14-9 23l-320 320q-9 9-23 9-13 0-22.5-9.5t-9.5-22.5v-192h-1376q-13 0-22.5-9.5t-9.5-22.5v-192q0-13 9.5-22.5t22.5-9.5h1376v-192q0-14 9-23t23-9q12 0 24 10l319 319q9 9 9 23z" fill="#000000"></path></svg></button>
    			</span>
    		</div>
    	</div>
		<div class="form-group">
    		<select class="form-control" name="from" id="from">
    			<optgroup label="Popular"><option value="BTC">BTC - Bitcoin</option><option value="USD">USD - US Dollar</option><option value="EUR" selected>EUR - Euro</option><option value="GBP">GBP - British Pound Sterling</option><option value="AUD">AUD - Australian Dollar</option><option value="CAD">CAD - Canadian Dollar</option><option value="CHF">CHF - Swiss Franc</option><option value="CNY">CNY - Chinese Yuan</option><option value="JPY">JPY - Japanese Yen</option><option value="SGD">SGD - Singapore Dollar</option><option value="NZD">NZD - New Zealand Dollar</option><option value="PKR">PKR - Pakistani Rupee</option><option value="HKD">HKD - Hong Kong Dollar</option><option value="KRW">KRW - South Korean Won</option><option value="MXN">MXN - Mexican Peso</option><option value="NOK">NOK - Norwegian Krone</option><option value="EGP">EGP - Egyptian Pound</option><option value="CLP">CLP - Chilean Peso</option><option value="NGN">NGN - Nigerian Naira</option><option value="BRL">BRL - Brazilian Real</option><option value="RUB">RUB - Russian Ruble</option><option value="UAH">UAH - Ukrainian Hryvnia</option><option value="THB">THB - Thai Baht</option><option value="PLN">PLN - Polish Zloty</option><option value="INR">INR - Indian Rupee</option><option value="ETH">ETH - Ethereum</option><option value="XMR">XMR - Monero</option><option value="DASH">DASH - Dash</option><option value="DOGE">DOGE - DogeCoin</option><option value="LTC">LTC - LiteCoin</option><option value="STR">STR - Stellar</option><option value="XRP">XRP - Ripple</option></optgroup>
    			<optgroup label="Other"><option value="AFN">AFN - Afghan Afghani</option><option value="ALL">ALL - Albanian Lek</option><option value="DZD">DZD - Algerian Dinar</option><option value="AOA">AOA - Angolan Kwanza</option><option value="ARS">ARS - Argentine Peso</option><option value="AMD">AMD - Armenian Dram</option><option value="AWG">AWG - Aruban Florin</option><option value="AZN">AZN - Azerbaijani Manat</option><option value="BSD">BSD - Bahamian Dollar</option><option value="BHD">BHD - Bahraini Dinar</option><option value="BDT">BDT - Bangladeshi Taka</option><option value="BBD">BBD - Barbadian Dollar</option><option value="BYN">BYN - Belarusian Ruble</option><option value="BZD">BZD - Belize Dollar</option><option value="BMD">BMD - Bermudan Dollar</option><option value="BTN">BTN - Bhutanese Ngultrum</option><option value="BTS">BTS - BitShares</option><option value="BOB">BOB - Bolivian Boliviano</option><option value="BAM">BAM - Bosnia-Herzegovina Mark</option><option value="BWP">BWP - Botswanan Pula</option><option value="BND">BND - Brunei Dollar</option><option value="BGN">BGN - Bulgarian Lev</option><option value="MMK">MMK - Burmese kyat (Myanmar Kyat)</option><option value="BIF">BIF - Burundian Franc</option><option value="KHR">KHR - Cambodian Riel</option><option value="CVE">CVE - Cape Verdean Escudo</option><option value="KYD">KYD - Cayman Islands Dollar</option><option value="XOF">XOF - CFA Franc BCEAO</option><option value="XAF">XAF - CFA Franc BEAC</option><option value="XPF">XPF - CFP Franc</option><option value="CLF">CLF - Chilean Unit of Account (UF)</option><option value="CNH">CNH - Chinese Yuan (Offshore)</option><option value="COP">COP - Colombian Peso</option><option value="KMF">KMF - Comorian Franc</option><option value="CDF">CDF - Congolese Franc</option><option value="CRC">CRC - Costa Rican Colón</option><option value="HRK">HRK - Croatian Kuna</option><option value="CUC">CUC - Cuban Convertible Peso</option><option value="CUP">CUP - Cuban Peso</option><option value="CZK">CZK - Czech Republic Koruna</option><option value="DKK">DKK - Danish Krone</option><option value="DJF">DJF - Djiboutian Franc</option><option value="DOP">DOP - Dominican Peso</option><option value="EAC">EAC - EarthCoin</option><option value="XCD">XCD - East Caribbean Dollar</option><option value="EMC">EMC - Emercoin</option><option value="AED">AED - Emirati Dirham</option><option value="ERN">ERN - Eritrean Nakfa</option><option value="ETB">ETB - Ethiopian Birr</option><option value="FCT">FCT - Factom</option><option value="FKP">FKP - Falkland Islands Pound</option><option value="FJD">FJD - Fijian Dollar</option><option value="GMD">GMD - Gambian Dalasi</option><option value="GEL">GEL - Georgian Lari</option><option value="GHS">GHS - Ghanaian Cedi</option><option value="GIP">GIP - Gibraltar Pound</option><option value="XAU">XAU - Gold (ounce)</option><option value="GTQ">GTQ - Guatemalan Quetzal</option><option value="GGP">GGP - Guernsey pound</option><option value="GNF">GNF - Guinean Franc</option><option value="GYD">GYD - Guyanese dollar</option><option value="HTG">HTG - Haitian Gourde</option><option value="HNL">HNL - Honduran Lempira</option><option value="HUF">HUF - Hungarian Forint</option><option value="ISK">ISK - Icelandic Króna</option><option value="IDR">IDR - Indonesian Rupiah</option><option value="IRR">IRR - Iranian Rial</option><option value="IQD">IQD - Iraqi Dinar</option><option value="ILS">ILS - Israeli New Sheqel</option><option value="JMD">JMD - Jamaican Dollar</option><option value="JEP">JEP - Jersey pound</option><option value="JOD">JOD - Jordanian Dinar</option><option value="KZT">KZT - Kazakhstani Tenge</option><option value="KES">KES - Kenyan Shilling</option><option value="KWD">KWD - Kuwaiti Dinar</option><option value="KGS">KGS - Kyrgystani Som</option><option value="LAK">LAK - Laotian Kip</option><option value="LBP">LBP - Lebanese Pound</option><option value="LSL">LSL - Lesotho Loti</option><option value="LRD">LRD - Liberian Dollar</option><option value="LYD">LYD - Libyan Dinar</option><option value="LD">LD - Linden Dollar</option><option value="MOP">MOP - Macanese Pataca</option><option value="MKD">MKD - Macedonian Denar</option><option value="MGA">MGA - Malagasy Ariary</option><option value="MWK">MWK - Malawian Kwacha</option><option value="MYR">MYR - Malaysian Ringgit</option><option value="MVR">MVR - Maldivian Rufiyaa</option><option value="IMP">IMP - Manx pound</option><option value="MRO">MRO - Mauritanian Ouguiya</option><option value="MUR">MUR - Mauritian Rupee</option><option value="MDL">MDL - Moldovan Leu</option><option value="MNT">MNT - Mongolian Tugrik</option><option value="MAD">MAD - Moroccan Dirham</option><option value="MZN">MZN - Mozambican Metical</option><option value="NMC">NMC - Namecoin</option><option value="NAD">NAD - Namibian Dollar</option><option value="NPR">NPR - Nepalese Rupee</option><option value="ANG">ANG - Netherlands Antillean Guilder</option><option value="TWD">TWD - New Taiwan Dollar</option><option value="NIO">NIO - Nicaraguan Córdoba</option><option value="KPW">KPW - North Korean Won</option><option value="NVC">NVC - NovaCoin</option><option value="NXT">NXT - Nxt</option><option value="OMR">OMR - Omani Rial</option><option value="XPD">XPD - Palladium (ounce)</option><option value="PAB">PAB - Panamanian Balboa</option><option value="PGK">PGK - Papua New Guinean Kina</option><option value="PYG">PYG - Paraguayan Guarani</option><option value="PPC">PPC - Peercoin</option><option value="PEN">PEN - Peruvian Nuevo Sol</option><option value="PHP">PHP - Philippine Peso</option><option value="XPT">XPT - Platinum (ounce)</option><option value="XPM">XPM - Primecoin</option><option value="QAR">QAR - Qatari Rial</option><option value="RON">RON - Romanian Leu</option><option value="RWF">RWF - Rwandan Franc</option><option value="SHP">SHP - Saint Helena Pound</option><option value="SVC">SVC - Salvadoran Colón</option><option value="WST">WST - Samoan Tala</option><option value="STD">STD - Sao Tome and Principe Dobra</option><option value="STN">STN - São Tomé and Príncipe Dobra</option><option value="SAR">SAR - Saudi Riyal</option><option value="RSD">RSD - Serbian Dinar</option><option value="SCR">SCR - Seychellois Rupee</option><option value="SLL">SLL - Sierra Leonean Leone</option><option value="XAG">XAG - Silver (ounce)</option><option value="SBD">SBD - Solomon Islands Dollar</option><option value="SOS">SOS - Somali Shilling</option><option value="ZAR">ZAR - South African Rand</option><option value="SSP">SSP - South Sudanese Pound</option><option value="XDR">XDR - Special Drawing Rights</option><option value="LKR">LKR - Sri Lankan Rupee</option><option value="SDG">SDG - Sudanese Pound</option><option value="SRD">SRD - Surinamese Dollar</option><option value="SZL">SZL - Swazi Lilangeni</option><option value="SEK">SEK - Swedish Krona</option><option value="SYP">SYP - Syrian Pound</option><option value="TJS">TJS - Tajikistani Somoni</option><option value="TZS">TZS - Tanzanian Shilling</option><option value="TOP">TOP - Tongan Paanga</option><option value="TTD">TTD - Trinidad and Tobago Dollar</option><option value="TND">TND - Tunisian Dinar</option><option value="TRY">TRY - Turkish Lira</option><option value="TMT">TMT - Turkmenistan Manat</option><option value="UGX">UGX - Ugandan Shilling</option><option value="UYU">UYU - Uruguayan Peso</option><option value="UZS">UZS - Uzbekistan Som</option><option value="VUV">VUV - Vanuatu Vatu</option><option value="VEF">VEF - Venezuela, Bolivarian Republic of</option><option value="VTC">VTC - VertCoin</option><option value="VND">VND - Vietnamese Dong</option><option value="YER">YER - Yemeni Rial</option><option value="ZMW">ZMW - Zambian Kwacha</option><option value="ZWL">ZWL - Zimbabwean Dollar (2009)</option></optgroup>
    		</select>
	    </div>
	    <div class="form-group">
	    	<select class="form-control" name="to" id="to">
	    		<optgroup label="Popular"><option value="BTC">BTC - Bitcoin</option><option value="USD" selected>USD - US Dollar</option><option value="EUR">EUR - Euro</option><option value="GBP">GBP - British Pound Sterling</option><option value="AUD">AUD - Australian Dollar</option><option value="CAD">CAD - Canadian Dollar</option><option value="CHF">CHF - Swiss Franc</option><option value="CNY">CNY - Chinese Yuan</option><option value="JPY">JPY - Japanese Yen</option><option value="SGD">SGD - Singapore Dollar</option><option value="NZD">NZD - New Zealand Dollar</option><option value="PKR">PKR - Pakistani Rupee</option><option value="HKD">HKD - Hong Kong Dollar</option><option value="KRW">KRW - South Korean Won</option><option value="MXN">MXN - Mexican Peso</option><option value="NOK">NOK - Norwegian Krone</option><option value="EGP">EGP - Egyptian Pound</option><option value="CLP">CLP - Chilean Peso</option><option value="NGN">NGN - Nigerian Naira</option><option value="BRL">BRL - Brazilian Real</option><option value="RUB">RUB - Russian Ruble</option><option value="UAH">UAH - Ukrainian Hryvnia</option><option value="THB">THB - Thai Baht</option><option value="PLN">PLN - Polish Zloty</option><option value="INR">INR - Indian Rupee</option><option value="ETH">ETH - Ethereum</option><option value="XMR">XMR - Monero</option><option value="DASH">DASH - Dash</option><option value="DOGE">DOGE - DogeCoin</option><option value="LTC">LTC - LiteCoin</option><option value="STR">STR - Stellar</option><option value="XRP">XRP - Ripple</option></optgroup>
	    		<optgroup label="Other"><option value="AFN">AFN - Afghan Afghani</option><option value="ALL">ALL - Albanian Lek</option><option value="DZD">DZD - Algerian Dinar</option><option value="AOA">AOA - Angolan Kwanza</option><option value="ARS">ARS - Argentine Peso</option><option value="AMD">AMD - Armenian Dram</option><option value="AWG">AWG - Aruban Florin</option><option value="AZN">AZN - Azerbaijani Manat</option><option value="BSD">BSD - Bahamian Dollar</option><option value="BHD">BHD - Bahraini Dinar</option><option value="BDT">BDT - Bangladeshi Taka</option><option value="BBD">BBD - Barbadian Dollar</option><option value="BYN">BYN - Belarusian Ruble</option><option value="BZD">BZD - Belize Dollar</option><option value="BMD">BMD - Bermudan Dollar</option><option value="BTN">BTN - Bhutanese Ngultrum</option><option value="BTS">BTS - BitShares</option><option value="BOB">BOB - Bolivian Boliviano</option><option value="BAM">BAM - Bosnia-Herzegovina Mark</option><option value="BWP">BWP - Botswanan Pula</option><option value="BND">BND - Brunei Dollar</option><option value="BGN">BGN - Bulgarian Lev</option><option value="MMK">MMK - Burmese kyat (Myanmar Kyat)</option><option value="BIF">BIF - Burundian Franc</option><option value="KHR">KHR - Cambodian Riel</option><option value="CVE">CVE - Cape Verdean Escudo</option><option value="KYD">KYD - Cayman Islands Dollar</option><option value="XOF">XOF - CFA Franc BCEAO</option><option value="XAF">XAF - CFA Franc BEAC</option><option value="XPF">XPF - CFP Franc</option><option value="CLF">CLF - Chilean Unit of Account (UF)</option><option value="CNH">CNH - Chinese Yuan (Offshore)</option><option value="COP">COP - Colombian Peso</option><option value="KMF">KMF - Comorian Franc</option><option value="CDF">CDF - Congolese Franc</option><option value="CRC">CRC - Costa Rican Colón</option><option value="HRK">HRK - Croatian Kuna</option><option value="CUC">CUC - Cuban Convertible Peso</option><option value="CUP">CUP - Cuban Peso</option><option value="CZK">CZK - Czech Republic Koruna</option><option value="DKK">DKK - Danish Krone</option><option value="DJF">DJF - Djiboutian Franc</option><option value="DOP">DOP - Dominican Peso</option><option value="EAC">EAC - EarthCoin</option><option value="XCD">XCD - East Caribbean Dollar</option><option value="EMC">EMC - Emercoin</option><option value="AED">AED - Emirati Dirham</option><option value="ERN">ERN - Eritrean Nakfa</option><option value="ETB">ETB - Ethiopian Birr</option><option value="FCT">FCT - Factom</option><option value="FKP">FKP - Falkland Islands Pound</option><option value="FJD">FJD - Fijian Dollar</option><option value="GMD">GMD - Gambian Dalasi</option><option value="GEL">GEL - Georgian Lari</option><option value="GHS">GHS - Ghanaian Cedi</option><option value="GIP">GIP - Gibraltar Pound</option><option value="XAU">XAU - Gold (ounce)</option><option value="GTQ">GTQ - Guatemalan Quetzal</option><option value="GGP">GGP - Guernsey pound</option><option value="GNF">GNF - Guinean Franc</option><option value="GYD">GYD - Guyanese dollar</option><option value="HTG">HTG - Haitian Gourde</option><option value="HNL">HNL - Honduran Lempira</option><option value="HUF">HUF - Hungarian Forint</option><option value="ISK">ISK - Icelandic Króna</option><option value="IDR">IDR - Indonesian Rupiah</option><option value="IRR">IRR - Iranian Rial</option><option value="IQD">IQD - Iraqi Dinar</option><option value="ILS">ILS - Israeli New Sheqel</option><option value="JMD">JMD - Jamaican Dollar</option><option value="JEP">JEP - Jersey pound</option><option value="JOD">JOD - Jordanian Dinar</option><option value="KZT">KZT - Kazakhstani Tenge</option><option value="KES">KES - Kenyan Shilling</option><option value="KWD">KWD - Kuwaiti Dinar</option><option value="KGS">KGS - Kyrgystani Som</option><option value="LAK">LAK - Laotian Kip</option><option value="LBP">LBP - Lebanese Pound</option><option value="LSL">LSL - Lesotho Loti</option><option value="LRD">LRD - Liberian Dollar</option><option value="LYD">LYD - Libyan Dinar</option><option value="LD">LD - Linden Dollar</option><option value="MOP">MOP - Macanese Pataca</option><option value="MKD">MKD - Macedonian Denar</option><option value="MGA">MGA - Malagasy Ariary</option><option value="MWK">MWK - Malawian Kwacha</option><option value="MYR">MYR - Malaysian Ringgit</option><option value="MVR">MVR - Maldivian Rufiyaa</option><option value="IMP">IMP - Manx pound</option><option value="MRO">MRO - Mauritanian Ouguiya</option><option value="MUR">MUR - Mauritian Rupee</option><option value="MDL">MDL - Moldovan Leu</option><option value="MNT">MNT - Mongolian Tugrik</option><option value="MAD">MAD - Moroccan Dirham</option><option value="MZN">MZN - Mozambican Metical</option><option value="NMC">NMC - Namecoin</option><option value="NAD">NAD - Namibian Dollar</option><option value="NPR">NPR - Nepalese Rupee</option><option value="ANG">ANG - Netherlands Antillean Guilder</option><option value="TWD">TWD - New Taiwan Dollar</option><option value="NIO">NIO - Nicaraguan Córdoba</option><option value="KPW">KPW - North Korean Won</option><option value="NVC">NVC - NovaCoin</option><option value="NXT">NXT - Nxt</option><option value="OMR">OMR - Omani Rial</option><option value="XPD">XPD - Palladium (ounce)</option><option value="PAB">PAB - Panamanian Balboa</option><option value="PGK">PGK - Papua New Guinean Kina</option><option value="PYG">PYG - Paraguayan Guarani</option><option value="PPC">PPC - Peercoin</option><option value="PEN">PEN - Peruvian Nuevo Sol</option><option value="PHP">PHP - Philippine Peso</option><option value="XPT">XPT - Platinum (ounce)</option><option value="XPM">XPM - Primecoin</option><option value="QAR">QAR - Qatari Rial</option><option value="RON">RON - Romanian Leu</option><option value="RWF">RWF - Rwandan Franc</option><option value="SHP">SHP - Saint Helena Pound</option><option value="SVC">SVC - Salvadoran Colón</option><option value="WST">WST - Samoan Tala</option><option value="STD">STD - Sao Tome and Principe Dobra</option><option value="STN">STN - São Tomé and Príncipe Dobra</option><option value="SAR">SAR - Saudi Riyal</option><option value="RSD">RSD - Serbian Dinar</option><option value="SCR">SCR - Seychellois Rupee</option><option value="SLL">SLL - Sierra Leonean Leone</option><option value="XAG">XAG - Silver (ounce)</option><option value="SBD">SBD - Solomon Islands Dollar</option><option value="SOS">SOS - Somali Shilling</option><option value="ZAR">ZAR - South African Rand</option><option value="SSP">SSP - South Sudanese Pound</option><option value="XDR">XDR - Special Drawing Rights</option><option value="LKR">LKR - Sri Lankan Rupee</option><option value="SDG">SDG - Sudanese Pound</option><option value="SRD">SRD - Surinamese Dollar</option><option value="SZL">SZL - Swazi Lilangeni</option><option value="SEK">SEK - Swedish Krona</option><option value="SYP">SYP - Syrian Pound</option><option value="TJS">TJS - Tajikistani Somoni</option><option value="TZS">TZS - Tanzanian Shilling</option><option value="TOP">TOP - Tongan Paanga</option><option value="TTD">TTD - Trinidad and Tobago Dollar</option><option value="TND">TND - Tunisian Dinar</option><option value="TRY">TRY - Turkish Lira</option><option value="TMT">TMT - Turkmenistan Manat</option><option value="UGX">UGX - Ugandan Shilling</option><option value="UYU">UYU - Uruguayan Peso</option><option value="UZS">UZS - Uzbekistan Som</option><option value="VUV">VUV - Vanuatu Vatu</option><option value="VEF">VEF - Venezuela, Bolivarian Republic of</option><option value="VTC">VTC - VertCoin</option><option value="VND">VND - Vietnamese Dong</option><option value="YER">YER - Yemeni Rial</option><option value="ZMW">ZMW - Zambian Kwacha</option><option value="ZWL">ZWL - Zimbabwean Dollar (2009)</option></optgroup>
	    	</select>
	    </div>
	    <div class="form-group">
	    	<input name="lg" id="lg" type="hidden" value="en">
	    	<button type="submit" id="convert" class="btn btn-block btn-success">Convert</button>
	    </div>
	</form>
</div>
<script>document.getElementById("from").addEventListener("change",function(e){e.preventDefault(),document.getElementById("currency-code").innerHTML=this.value}),document.getElementById("swap").addEventListener("click",function(e){e.preventDefault();var t=document.getElementById("from"),n=document.getElementById("to"),d=t.getElementsByTagName("option")[t.selectedIndex].value,l=t.getElementsByTagName("option")[t.selectedIndex].innerHTML,m=n.getElementsByTagName("option")[n.selectedIndex].value,o=n.getElementsByTagName("option")[n.selectedIndex].innerHTML;t.getElementsByTagName("option")[t.selectedIndex].value=m,t.getElementsByTagName("option")[t.selectedIndex].innerHTML=o,n.getElementsByTagName("option")[n.selectedIndex].value=d,n.getElementsByTagName("option")[n.selectedIndex].innerHTML=l,document.getElementById("currency-code").innerHTML=m});</script>			<div class="panel panel-default">
								<div class="panel-heading">
					<span><b>History of exchange rate</b>: Thursday, 20/09/2018 &mdash; Thursday, 27/09/2018</span>
				</div>
				<div class="panel-body">
					<div class="ads"><ins class="adsbygoogle"
     style="display:block"
     data-ad-client="ca-pub-5704832978264358"
     data-ad-slot="5155227619"
     data-ad-format="rectangle"></ins>
<script>
(adsbygoogle = window.adsbygoogle || []).push({});
</script></div>
					<div id="chart_div" data-base="EUR" data-to="USD" class="chart-div"></div>
					<div class="pull-right">
      					<select id="interval" class="form-control input-sm">
							<option value="0">One week</option>
							<option value="1">One month</option>
							<option value="2">Three month</option>
							<option value="3">Half-year</option>
							<option value="4">Year</option>
						</select>
    				</div>
				</div>
			</div>
			<div class="panel panel-default">
				<table id="table-history" class="table table-hover table-bordered table-striped">
					<thead>
					    <tr>
					      	<th>Date</th>
					      	<th>Euro</th>
					      	<th>US Dollar</th>
						</tr>
					</thead>
					<tbody>
											<tr id="hd-1">
					    	<td><span class="hidden-xs">Thursday, </span>27/09/2018</td>
					      	<td>1 EUR = </td>
					      	<td data-id="1" data-value="1.16">1.16 USD</td>
					    </tr>
												<tr id="hd-2">
					    	<td><span class="hidden-xs">Wednesday, </span>26/09/2018</td>
					      	<td>1 EUR = </td>
					      	<td data-id="2" data-value="1.17">1.17 USD</td>
					    </tr>
												<tr id="hd-3">
					    	<td><span class="hidden-xs">Tuesday, </span>25/09/2018</td>
					      	<td>1 EUR = </td>
					      	<td data-id="3" data-value="1.18">1.18 USD</td>
					    </tr>
												<tr id="hd-4">
					    	<td><span class="hidden-xs">Monday, </span>24/09/2018</td>
					      	<td>1 EUR = </td>
					      	<td data-id="4" data-value="1.17">1.17 USD</td>
					    </tr>
												<tr id="hd-5">
					    	<td><span class="hidden-xs">Sunday, </span>23/09/2018</td>
					      	<td>1 EUR = </td>
					      	<td data-id="5" data-value="1.17">1.17 USD</td>
					    </tr>
												<tr id="hd-6">
					    	<td><span class="hidden-xs">Saturday, </span>22/09/2018</td>
					      	<td>1 EUR = </td>
					      	<td data-id="6" data-value="1.18">1.18 USD</td>
					    </tr>
												<tr id="hd-7">
					    	<td><span class="hidden-xs">Friday, </span>21/09/2018</td>
					      	<td>1 EUR = </td>
					      	<td data-id="7" data-value="1.18">1.18 USD</td>
					    </tr>
												<tr id="hd-8">
					    	<td><span class="hidden-xs">Thursday, </span>20/09/2018</td>
					      	<td>1 EUR = </td>
					      	<td data-id="8" data-value="1.18">1.18 USD</td>
					    </tr>
											</tbody>
				</table>
			</div>
			<div class="panel panel-default">
								<div class="panel-heading">
					<b>Other amounts</b>
				</div>
				<table class="table table-hover table-bordered table-striped">
					<thead>
					      <tr>
					      	<th>EUR</th>
					      	<th></th>
						</tr>
					</thead>
					<tbody>
					    						<tr>
					      	<td>1 EUR to USD </td>
					      	<td><a href="/btc/1" class="ellipse-text">1 Euro to Bitcoin</a></td>
					    </tr>
					    					    <tr>
					    					      	<td><a href="/usd/2" title="2 EUR Euro to USD US Dollar">2 EUR to USD</a> </td>
					      					      	<td><a href="/usd/1" class="ellipse-text">1 Euro to US Dollar</a></td>
					    </tr>
												<tr>
					      	<td><a href="/usd/2" title="2 EUR Euro to USD US Dollar">2 EUR to USD </a></td>
					      	<td>&mdash;</td>
					    </tr>
					    						<tr>
					      	<td><a href="/usd/3" title="3 EUR Euro to USD US Dollar">3 EUR to USD </a></td>
					      	<td><a href="/gbp/1" class="ellipse-text">1 Euro to British Pound Sterling</a></td>
					    </tr>
					    						<tr>
					      	<td><a href="/usd/4" title="4 EUR Euro to USD US Dollar">4 EUR to USD </a></td>
					      	<td><a href="/aud/1" class="ellipse-text">1 Euro to Australian Dollar</a></td>
					    </tr>
					    						<tr>
					      	<td><a href="/usd/5" title="5 EUR Euro to USD US Dollar">5 EUR to USD </a></td>
					      	<td><a href="/cad/1" class="ellipse-text">1 Euro to Canadian Dollar</a></td>
					    </tr>
					    						<tr>
					      	<td><a href="/usd/6" title="6 EUR Euro to USD US Dollar">6 EUR to USD </a></td>
					      	<td><a href="/chf/1" class="ellipse-text">1 Euro to Swiss Franc</a></td>
					    </tr>
					    						<tr>
					      	<td><a href="/usd/7" title="7 EUR Euro to USD US Dollar">7 EUR to USD </a></td>
					      	<td><a href="/cny/1" class="ellipse-text">1 Euro to Chinese Yuan</a></td>
					    </tr>
					    						<tr>
					      	<td><a href="/usd/8" title="8 EUR Euro to USD US Dollar">8 EUR to USD </a></td>
					      	<td><a href="/jpy/1" class="ellipse-text">1 Euro to Japanese Yen</a></td>
					    </tr>
					    						<tr>
					      	<td><a href="/usd/9" title="9 EUR Euro to USD US Dollar">9 EUR to USD </a></td>
					      	<td><a href="/sgd/1" class="ellipse-text">1 Euro to Singapore Dollar</a></td>
					    </tr>
					    						<tr>
					      	<td><a href="/usd/10" title="10 EUR Euro to USD US Dollar">10 EUR to USD </a></td>
					      	<td><a href="/nzd/1" class="ellipse-text">1 Euro to New Zealand Dollar</a></td>
					    </tr>
					    						<tr>
					      	<td><a href="/usd/15" title="15 EUR Euro to USD US Dollar">15 EUR to USD </a></td>
					      	<td><a href="/pkr/1" class="ellipse-text">1 Euro to Pakistani Rupee</a></td>
					    </tr>
					    						<tr>
					      	<td><a href="/usd/20" title="20 EUR Euro to USD US Dollar">20 EUR to USD </a></td>
					      	<td><a href="/hkd/1" class="ellipse-text">1 Euro to Hong Kong Dollar</a></td>
					    </tr>
					    						<tr>
					      	<td><a href="/usd/25" title="25 EUR Euro to USD US Dollar">25 EUR to USD </a></td>
					      	<td><a href="/krw/1" class="ellipse-text">1 Euro to South Korean Won</a></td>
					    </tr>
					    						<tr>
					      	<td><a href="/usd/50" title="50 EUR Euro to USD US Dollar">50 EUR to USD </a></td>
					      	<td><a href="/mxn/1" class="ellipse-text">1 Euro to Mexican Peso</a></td>
					    </tr>
					    						<tr>
					      	<td><a href="/usd/100" title="100 EUR Euro to USD US Dollar">100 EUR to USD </a></td>
					      	<td><a href="/nok/1" class="ellipse-text">1 Euro to Norwegian Krone</a></td>
					    </tr>
					    					    <tr>
					    					      	<td>&mdash;</td>
					      					      	<td><a href="/egp/1" class="ellipse-text">1 Euro to Egyptian Pound</a></td>
					    </tr>
											    <tr>
					    					      	<td>&mdash;</td>
					      					      	<td><a href="/clp/1" class="ellipse-text">1 Euro to Chilean Peso</a></td>
					    </tr>
											    <tr>
					    					      	<td>&mdash;</td>
					      					      	<td><a href="/ngn/1" class="ellipse-text">1 Euro to Nigerian Naira</a></td>
					    </tr>
											    <tr>
					    					      	<td>&mdash;</td>
					      					      	<td><a href="/brl/1" class="ellipse-text">1 Euro to Brazilian Real</a></td>
					    </tr>
											    <tr>
					    					      	<td>&mdash;</td>
					      					      	<td><a href="/rub/1" class="ellipse-text">1 Euro to Russian Ruble</a></td>
					    </tr>
											    <tr>
					    					      	<td>&mdash;</td>
					      					      	<td><a href="/uah/1" class="ellipse-text">1 Euro to Ukrainian Hryvnia</a></td>
					    </tr>
											    <tr>
					    					      	<td>&mdash;</td>
					      					      	<td><a href="/thb/1" class="ellipse-text">1 Euro to Thai Baht</a></td>
					    </tr>
											    <tr>
					    					      	<td>&mdash;</td>
					      					      	<td><a href="/pln/1" class="ellipse-text">1 Euro to Polish Zloty</a></td>
					    </tr>
											    <tr>
					    					      	<td>&mdash;</td>
					      					      	<td><a href="/inr/1" class="ellipse-text">1 Euro to Indian Rupee</a></td>
					    </tr>
											    <tr>
					    					      	<td>&mdash;</td>
					      					      	<td><a href="/eth/1" class="ellipse-text">1 Euro to Ethereum</a></td>
					    </tr>
											</tbody>
				</table>
				<div class="panel-footer">
					<small class="text-muted">Exchange Rates Updated: Thu, 27 Sep 18 20:00:01 +0000</small>
				</div>
				<div class="panel-footer">
					<div class="input-group">
  						<span class="input-group-addon"><svg width="16" height="16" viewBox="0 0 2048 1792" xmlns="http://www.w3.org/2000/svg"><path d="M681 1399l-50 50q-10 10-23 10t-23-10l-466-466q-10-10-10-23t10-23l466-466q10-10 23-10t23 10l50 50q10 10 10 23t-10 23l-393 393 393 393q10 10 10 23t-10 23zm591-1067l-373 1291q-4 13-15.5 19.5t-23.5 2.5l-62-17q-13-4-19.5-15.5t-2.5-24.5l373-1291q4-13 15.5-19.5t23.5-2.5l62 17q13 4 19.5 15.5t2.5 24.5zm657 651l-466 466q-10 10-23 10t-23-10l-50-50q-10-10-10-23t10-23l393-393-393-393q-10-10-10-23t10-23l50-50q10-10 23-10t23 10l466 466q10 10 10 23t-10 23z" fill="#000000"/></svg></span>
  						<input type="text" class="form-control" id="url" onclick="this.select();" value="&lt;a href=&quot;https://eur.currencyrate.today/usd&quot;&gt;1 Euro to US Dollar&lt;/a&gt;">
					</div>
				</div>
			</div>
		</div>
		<div class="col-md-3">
			<div class="list-group hidden-xs hidden-sm"><a href="https://btc.currencyrate.today" class="list-group-item ellipse-text"><span class="flags flag-bc"></span>Bitcoin</a><a href="https://usd.currencyrate.today" class="list-group-item ellipse-text"><span class="flags flag-us"></span>US Dollar</a><a href="https://eur.currencyrate.today" class="list-group-item ellipse-text"><span class="flags flag-eu"></span>Euro</a><a href="https://gbp.currencyrate.today" class="list-group-item ellipse-text"><span class="flags flag-gb"></span>British Pound Sterling</a><a href="https://aud.currencyrate.today" class="list-group-item ellipse-text"><span class="flags flag-au"></span>Australian Dollar</a><a href="https://cad.currencyrate.today" class="list-group-item ellipse-text"><span class="flags flag-ca"></span>Canadian Dollar</a><a href="https://chf.currencyrate.today" class="list-group-item ellipse-text"><span class="flags flag-ch"></span>Swiss Franc</a><a href="https://cny.currencyrate.today" class="list-group-item ellipse-text"><span class="flags flag-cn"></span>Chinese Yuan</a><a href="https://jpy.currencyrate.today" class="list-group-item ellipse-text"><span class="flags flag-jp"></span>Japanese Yen</a><a href="https://sgd.currencyrate.today" class="list-group-item ellipse-text"><span class="flags flag-sg"></span>Singapore Dollar</a><a href="https://nzd.currencyrate.today" class="list-group-item ellipse-text"><span class="flags flag-nz"></span>New Zealand Dollar</a><a href="https://pkr.currencyrate.today" class="list-group-item ellipse-text"><span class="flags flag-pk"></span>Pakistani Rupee</a><a href="https://hkd.currencyrate.today" class="list-group-item ellipse-text"><span class="flags flag-hk"></span>Hong Kong Dollar</a><a href="https://krw.currencyrate.today" class="list-group-item ellipse-text"><span class="flags flag-kr"></span>South Korean Won</a><a href="https://mxn.currencyrate.today" class="list-group-item ellipse-text"><span class="flags flag-mx"></span>Mexican Peso</a><a href="https://nok.currencyrate.today" class="list-group-item ellipse-text"><span class="flags flag-no"></span>Norwegian Krone</a><a href="https://egp.currencyrate.today" class="list-group-item ellipse-text"><span class="flags flag-eg"></span>Egyptian Pound</a><a href="https://clp.currencyrate.today" class="list-group-item ellipse-text"><span class="flags flag-cl"></span>Chilean Peso</a><a href="https://ngn.currencyrate.today" class="list-group-item ellipse-text"><span class="flags flag-ng"></span>Nigerian Naira</a><a href="https://brl.currencyrate.today" class="list-group-item ellipse-text"><span class="flags flag-br"></span>Brazilian Real</a><a href="https://rub.currencyrate.today" class="list-group-item ellipse-text"><span class="flags flag-ru"></span>Russian Ruble</a><a href="https://uah.currencyrate.today" class="list-group-item ellipse-text"><span class="flags flag-ua"></span>Ukrainian Hryvnia</a><a href="https://thb.currencyrate.today" class="list-group-item ellipse-text"><span class="flags flag-th"></span>Thai Baht</a><a href="https://pln.currencyrate.today" class="list-group-item ellipse-text"><span class="flags flag-pl"></span>Polish Zloty</a><a href="https://inr.currencyrate.today" class="list-group-item ellipse-text"><span class="flags flag-in"></span>Indian Rupee</a><a href="https://eth.currencyrate.today" class="list-group-item ellipse-text"><span class="flags flag-ethereum"></span>Ethereum</a><a href="https://xmr.currencyrate.today" class="list-group-item ellipse-text"><span class="flags flag-monero"></span>Monero</a><a href="https://dash.currencyrate.today" class="list-group-item ellipse-text"><span class="flags flag-dash"></span>Dash</a><a href="https://doge.currencyrate.today" class="list-group-item ellipse-text"><span class="flags flag-dogecoin"></span>DogeCoin</a><a href="https://ltc.currencyrate.today" class="list-group-item ellipse-text"><span class="flags flag-litecoin"></span>LiteCoin</a><a href="https://str.currencyrate.today" class="list-group-item ellipse-text"><span class="flags flag-stellar"></span>Stellar</a><a href="https://xrp.currencyrate.today" class="list-group-item ellipse-text"><span class="flags flag-ripple"></span>Ripple</a></div><div class="list-group"><a href="https://usd.currencyrate.today/inr/135" class="list-group-item ellipse-text"><svg width="24" height="16" viewBox="0 0 2048 1792" xmlns="http://www.w3.org/2000/svg"><path d="M1344 1504q0 13-9.5 22.5t-22.5 9.5h-960q-8 0-13.5-2t-9-7-5.5-8-3-11.5-1-11.5v-600h-192q-26 0-45-19t-19-45q0-24 15-41l320-384q19-22 49-22t49 22l320 384q15 17 15 41 0 26-19 45t-45 19h-192v384h576q16 0 25 11l160 192q7 10 7 21zm640-416q0 24-15 41l-320 384q-20 23-49 23t-49-23l-320-384q-15-17-15-41 0-26 19-45t45-19h192v-384h-576q-16 0-25-12l-160-192q-7-9-7-20 0-13 9.5-22.5t22.5-9.5h960q8 0 13.5 2t9 7 5.5 8 3 11.5 1 11.5v600h192q26 0 45 19t19 45z" fill="#337ab7"/></svg> 135 USD to INR</a><a href="https://cad.currencyrate.today/usd/3230" class="list-group-item ellipse-text"><svg width="24" height="16" viewBox="0 0 2048 1792" xmlns="http://www.w3.org/2000/svg"><path d="M1344 1504q0 13-9.5 22.5t-22.5 9.5h-960q-8 0-13.5-2t-9-7-5.5-8-3-11.5-1-11.5v-600h-192q-26 0-45-19t-19-45q0-24 15-41l320-384q19-22 49-22t49 22l320 384q15 17 15 41 0 26-19 45t-45 19h-192v384h576q16 0 25 11l160 192q7 10 7 21zm640-416q0 24-15 41l-320 384q-20 23-49 23t-49-23l-320-384q-15-17-15-41 0-26 19-45t45-19h192v-384h-576q-16 0-25-12l-160-192q-7-9-7-20 0-13 9.5-22.5t22.5-9.5h960q8 0 13.5 2t9 7 5.5 8 3 11.5 1 11.5v600h192q26 0 45 19t19 45z" fill="#337ab7"/></svg> 3230 CAD to USD</a><a href="https://usd.currencyrate.today/pln/1000" class="list-group-item ellipse-text"><svg width="24" height="16" viewBox="0 0 2048 1792" xmlns="http://www.w3.org/2000/svg"><path d="M1344 1504q0 13-9.5 22.5t-22.5 9.5h-960q-8 0-13.5-2t-9-7-5.5-8-3-11.5-1-11.5v-600h-192q-26 0-45-19t-19-45q0-24 15-41l320-384q19-22 49-22t49 22l320 384q15 17 15 41 0 26-19 45t-45 19h-192v384h576q16 0 25 11l160 192q7 10 7 21zm640-416q0 24-15 41l-320 384q-20 23-49 23t-49-23l-320-384q-15-17-15-41 0-26 19-45t45-19h192v-384h-576q-16 0-25-12l-160-192q-7-9-7-20 0-13 9.5-22.5t22.5-9.5h960q8 0 13.5 2t9 7 5.5 8 3 11.5 1 11.5v600h192q26 0 45 19t19 45z" fill="#337ab7"/></svg> 1000 USD to PLN</a><a href="https://cad.currencyrate.today/usd/3230" class="list-group-item ellipse-text"><svg width="24" height="16" viewBox="0 0 2048 1792" xmlns="http://www.w3.org/2000/svg"><path d="M1344 1504q0 13-9.5 22.5t-22.5 9.5h-960q-8 0-13.5-2t-9-7-5.5-8-3-11.5-1-11.5v-600h-192q-26 0-45-19t-19-45q0-24 15-41l320-384q19-22 49-22t49 22l320 384q15 17 15 41 0 26-19 45t-45 19h-192v384h576q16 0 25 11l160 192q7 10 7 21zm640-416q0 24-15 41l-320 384q-20 23-49 23t-49-23l-320-384q-15-17-15-41 0-26 19-45t45-19h192v-384h-576q-16 0-25-12l-160-192q-7-9-7-20 0-13 9.5-22.5t22.5-9.5h960q8 0 13.5 2t9 7 5.5 8 3 11.5 1 11.5v600h192q26 0 45 19t19 45z" fill="#337ab7"/></svg> 3230 CAD to USD</a><a href="https://usd.currencyrate.today/vnd/100" class="list-group-item ellipse-text"><svg width="24" height="16" viewBox="0 0 2048 1792" xmlns="http://www.w3.org/2000/svg"><path d="M1344 1504q0 13-9.5 22.5t-22.5 9.5h-960q-8 0-13.5-2t-9-7-5.5-8-3-11.5-1-11.5v-600h-192q-26 0-45-19t-19-45q0-24 15-41l320-384q19-22 49-22t49 22l320 384q15 17 15 41 0 26-19 45t-45 19h-192v384h576q16 0 25 11l160 192q7 10 7 21zm640-416q0 24-15 41l-320 384q-20 23-49 23t-49-23l-320-384q-15-17-15-41 0-26 19-45t45-19h192v-384h-576q-16 0-25-12l-160-192q-7-9-7-20 0-13 9.5-22.5t22.5-9.5h960q8 0 13.5 2t9 7 5.5 8 3 11.5 1 11.5v600h192q26 0 45 19t19 45z" fill="#337ab7"/></svg> 100 USD to VND</a><a href="https://byn.currencyrate.today/usd/500" class="list-group-item ellipse-text"><svg width="24" height="16" viewBox="0 0 2048 1792" xmlns="http://www.w3.org/2000/svg"><path d="M1344 1504q0 13-9.5 22.5t-22.5 9.5h-960q-8 0-13.5-2t-9-7-5.5-8-3-11.5-1-11.5v-600h-192q-26 0-45-19t-19-45q0-24 15-41l320-384q19-22 49-22t49 22l320 384q15 17 15 41 0 26-19 45t-45 19h-192v384h576q16 0 25 11l160 192q7 10 7 21zm640-416q0 24-15 41l-320 384q-20 23-49 23t-49-23l-320-384q-15-17-15-41 0-26 19-45t45-19h192v-384h-576q-16 0-25-12l-160-192q-7-9-7-20 0-13 9.5-22.5t22.5-9.5h960q8 0 13.5 2t9 7 5.5 8 3 11.5 1 11.5v600h192q26 0 45 19t19 45z" fill="#337ab7"/></svg> 500 BYN to USD</a><a href="https://usd.currencyrate.today/eur/3230" class="list-group-item ellipse-text"><svg width="24" height="16" viewBox="0 0 2048 1792" xmlns="http://www.w3.org/2000/svg"><path d="M1344 1504q0 13-9.5 22.5t-22.5 9.5h-960q-8 0-13.5-2t-9-7-5.5-8-3-11.5-1-11.5v-600h-192q-26 0-45-19t-19-45q0-24 15-41l320-384q19-22 49-22t49 22l320 384q15 17 15 41 0 26-19 45t-45 19h-192v384h576q16 0 25 11l160 192q7 10 7 21zm640-416q0 24-15 41l-320 384q-20 23-49 23t-49-23l-320-384q-15-17-15-41 0-26 19-45t45-19h192v-384h-576q-16 0-25-12l-160-192q-7-9-7-20 0-13 9.5-22.5t22.5-9.5h960q8 0 13.5 2t9 7 5.5 8 3 11.5 1 11.5v600h192q26 0 45 19t19 45z" fill="#337ab7"/></svg> 3230 USD to EUR</a><a href="https://tjs.currencyrate.today/rub/5000" class="list-group-item ellipse-text"><svg width="24" height="16" viewBox="0 0 2048 1792" xmlns="http://www.w3.org/2000/svg"><path d="M1344 1504q0 13-9.5 22.5t-22.5 9.5h-960q-8 0-13.5-2t-9-7-5.5-8-3-11.5-1-11.5v-600h-192q-26 0-45-19t-19-45q0-24 15-41l320-384q19-22 49-22t49 22l320 384q15 17 15 41 0 26-19 45t-45 19h-192v384h576q16 0 25 11l160 192q7 10 7 21zm640-416q0 24-15 41l-320 384q-20 23-49 23t-49-23l-320-384q-15-17-15-41 0-26 19-45t45-19h192v-384h-576q-16 0-25-12l-160-192q-7-9-7-20 0-13 9.5-22.5t22.5-9.5h960q8 0 13.5 2t9 7 5.5 8 3 11.5 1 11.5v600h192q26 0 45 19t19 45z" fill="#337ab7"/></svg> 5000 TJS to RUB</a><a href="https://jpy.currencyrate.today/rub/18075" class="list-group-item ellipse-text"><svg width="24" height="16" viewBox="0 0 2048 1792" xmlns="http://www.w3.org/2000/svg"><path d="M1344 1504q0 13-9.5 22.5t-22.5 9.5h-960q-8 0-13.5-2t-9-7-5.5-8-3-11.5-1-11.5v-600h-192q-26 0-45-19t-19-45q0-24 15-41l320-384q19-22 49-22t49 22l320 384q15 17 15 41 0 26-19 45t-45 19h-192v384h576q16 0 25 11l160 192q7 10 7 21zm640-416q0 24-15 41l-320 384q-20 23-49 23t-49-23l-320-384q-15-17-15-41 0-26 19-45t45-19h192v-384h-576q-16 0-25-12l-160-192q-7-9-7-20 0-13 9.5-22.5t22.5-9.5h960q8 0 13.5 2t9 7 5.5 8 3 11.5 1 11.5v600h192q26 0 45 19t19 45z" fill="#337ab7"/></svg> 18075 JPY to RUB</a><a href="https://gbp.currencyrate.today/ron/0.35" class="list-group-item ellipse-text"><svg width="24" height="16" viewBox="0 0 2048 1792" xmlns="http://www.w3.org/2000/svg"><path d="M1344 1504q0 13-9.5 22.5t-22.5 9.5h-960q-8 0-13.5-2t-9-7-5.5-8-3-11.5-1-11.5v-600h-192q-26 0-45-19t-19-45q0-24 15-41l320-384q19-22 49-22t49 22l320 384q15 17 15 41 0 26-19 45t-45 19h-192v384h576q16 0 25 11l160 192q7 10 7 21zm640-416q0 24-15 41l-320 384q-20 23-49 23t-49-23l-320-384q-15-17-15-41 0-26 19-45t45-19h192v-384h-576q-16 0-25-12l-160-192q-7-9-7-20 0-13 9.5-22.5t22.5-9.5h960q8 0 13.5 2t9 7 5.5 8 3 11.5 1 11.5v600h192q26 0 45 19t19 45z" fill="#337ab7"/></svg> 0.35 GBP to RON</a><a href="https://cad.currencyrate.today/usd" class="list-group-item ellipse-text"><svg width="24" height="16" viewBox="0 0 2048 1792" xmlns="http://www.w3.org/2000/svg"><path d="M1344 1504q0 13-9.5 22.5t-22.5 9.5h-960q-8 0-13.5-2t-9-7-5.5-8-3-11.5-1-11.5v-600h-192q-26 0-45-19t-19-45q0-24 15-41l320-384q19-22 49-22t49 22l320 384q15 17 15 41 0 26-19 45t-45 19h-192v384h576q16 0 25 11l160 192q7 10 7 21zm640-416q0 24-15 41l-320 384q-20 23-49 23t-49-23l-320-384q-15-17-15-41 0-26 19-45t45-19h192v-384h-576q-16 0-25-12l-160-192q-7-9-7-20 0-13 9.5-22.5t22.5-9.5h960q8 0 13.5 2t9 7 5.5 8 3 11.5 1 11.5v600h192q26 0 45 19t19 45z" fill="#337ab7"/></svg> CAD to USD</a><a href="https://aud.currencyrate.today/usd" class="list-group-item ellipse-text"><svg width="24" height="16" viewBox="0 0 2048 1792" xmlns="http://www.w3.org/2000/svg"><path d="M1344 1504q0 13-9.5 22.5t-22.5 9.5h-960q-8 0-13.5-2t-9-7-5.5-8-3-11.5-1-11.5v-600h-192q-26 0-45-19t-19-45q0-24 15-41l320-384q19-22 49-22t49 22l320 384q15 17 15 41 0 26-19 45t-45 19h-192v384h576q16 0 25 11l160 192q7 10 7 21zm640-416q0 24-15 41l-320 384q-20 23-49 23t-49-23l-320-384q-15-17-15-41 0-26 19-45t45-19h192v-384h-576q-16 0-25-12l-160-192q-7-9-7-20 0-13 9.5-22.5t22.5-9.5h960q8 0 13.5 2t9 7 5.5 8 3 11.5 1 11.5v600h192q26 0 45 19t19 45z" fill="#337ab7"/></svg> AUD to USD</a><a href="https://inr.currencyrate.today/usd" class="list-group-item ellipse-text"><svg width="24" height="16" viewBox="0 0 2048 1792" xmlns="http://www.w3.org/2000/svg"><path d="M1344 1504q0 13-9.5 22.5t-22.5 9.5h-960q-8 0-13.5-2t-9-7-5.5-8-3-11.5-1-11.5v-600h-192q-26 0-45-19t-19-45q0-24 15-41l320-384q19-22 49-22t49 22l320 384q15 17 15 41 0 26-19 45t-45 19h-192v384h576q16 0 25 11l160 192q7 10 7 21zm640-416q0 24-15 41l-320 384q-20 23-49 23t-49-23l-320-384q-15-17-15-41 0-26 19-45t45-19h192v-384h-576q-16 0-25-12l-160-192q-7-9-7-20 0-13 9.5-22.5t22.5-9.5h960q8 0 13.5 2t9 7 5.5 8 3 11.5 1 11.5v600h192q26 0 45 19t19 45z" fill="#337ab7"/></svg> INR to USD</a></div>		</div>
	</div>
</div>
<script>function init(){var t;HTMLElement.prototype.getBoundingClientRect=(t=HTMLElement.prototype.getBoundingClientRect,function(){try{return t.apply(this,arguments)}catch(t){return{left:"",right:"",top:"",bottom:""}}});var d=document.getElementById("chart_div"),a=document.getElementById("interval"),o=!0;function e(){r(this.value)}function r(c){google.charts.load("current",{packages:["corechart"]}),google.charts.setOnLoadCallback(function(t){e="currencyrate.today/jschartdata.json?action=historical_chart&type=base&base="+d.getAttribute("data-base")+"&to="+d.getAttribute("data-to")+"&interval="+c,n=function(){var t;if(t=google.visualization.arrayToDataTable(chartArray),"BTC"==d.getAttribute("data-to")){var e=new google.visualization.NumberFormat({fractionDigits:6});e.format(t,1)}new google.visualization.AreaChart(d).draw(t,{series:{0:{lineWidth:3,pointSize:4,color:"#337ab7"}},legend:{position:"none"},chartArea:{width:"100%",height:"100%",right:0,left:45,top:10,bottom:10}})},a=document,o="script",r=a.createElement(o),i=a.getElementsByTagName(o)[0],r.src="https://"+e,r.addEventListener("load",function(t){n()},!1),i.parentNode.insertBefore(r,i);var e,n,a,o,r,i})}!function(t,e,n,a,o){for(var r=null,i=null,c=null,d=null,l=1;l<t.length;l++){var u=t[l].getElementsByTagName("td")[2],s=parseFloat(u.getAttribute("data-value")),g=parseInt(u.getAttribute("data-id"));(null==r||s<r)&&(r=s,c=g),(null==i||i<s)&&(i=s,d=g)}document.getElementById("hd-"+c).className="danger",document.getElementById("hd-"+d).className="success"}(document.getElementById("table-history").getElementsByTagName("tr")),window.onscroll=function(){var t,e,n;(window.pageYOffset||document.documentElement.scrollTop)>function(t){if(void 0!==t){if(t.getBoundingClientRect()){var e=t.getBoundingClientRect(),n=document.body,a=document.documentElement,o=window.pageYOffset||a.scrollTop||n.scrollTop,r=a.clientTop||n.clientTop||0,i=e.top+o-r;return Math.round(i)}for(i=0;t;)i+=parseInt(t.offsetTop),t=t.offsetParent;return i}}(d)-document.getElementsByTagName("html")[0].clientHeight&&1==o&&(t="https://www.gstatic.com/charts/loader.js",e=function(){r(a.value)},(n=document.createElement("script")).type="text/javascript",n.readyState?n.onreadystatechange=function(){"loaded"!==n.readyState&&"complete"!==n.readyState||(n.onreadystatechange=null,e())}:n.onload=function(){e()},n.src=t,document.getElementsByTagName("head")[0].appendChild(n),o=!1)},a.addEventListener?a.addEventListener("change",e,!1):a.attachEvent("change",e)}"loading"!=document.readyState?init():document.addEventListener?document.addEventListener("DOMContentLoaded",init):document.attachEvent("onreadystatechange",function(){"complete"==document.readyState&&init()});</script><div id="footer" class="container">
		<div class="row">
			<div class="col-md-12 text-center">
				<ul class="list-inline">
					<li><a rel="alternate" hreflang="en" href="https://currencyrate.today">Currency converter</a></li>
					<li><a rel="alternate" hreflang="it" href="https://it.currencyrate.today">Convertitore di valuta</a></li>
					<li><a rel="alternate" hreflang="es" href="https://es.currencyrate.today">Conversor de divisas</a></li>
					<li><a rel="alternate" hreflang="fr" href="https://fr.currencyrate.today">Convertisseur de devises</a></li>
					<li><a rel="alternate" hreflang="zh-cn" href="https://cn.currencyrate.today">貨幣換算</a></li>
					<li><a rel="alternate" hreflang="de" href="https://de.currencyrate.today">Währungsrechner</a></li>
					<li><a rel="alternate" hreflang="ru" href="https://ru.currencyrate.today">Конвертер валют</a></li>
					<li><a rel="alternate" hreflang="hi" href="https://hi.currencyrate.today">मुद्रा परिवर्तक</a></li>
					<li><a rel="alternate" hreflang="id" href="https://id.currencyrate.today">Konverter mata uang</a></li>
					<li><a rel="alternate" hreflang="ja" href="https://ja.currencyrate.today">通貨換算</a></li>
					<li><a rel="alternate" hreflang="pt" href="https://pt.currencyrate.today">Conversor de moeda</a></li>
				</ul>
				<ul class="list-inline">
					<li><a href="https://currencyrate.today/converter-widget">Currency Converter Widget</a></li>
	            	<li><a href="https://currencyrate.today/exchangerates-widget">Exchange Rates Widget</a></li>
	            </ul>
				<p class="text-muted"><small>Euro to US Dollar, convert 1 EUR in USD</small>.</p>
				<ul class="list-inline">
					<li><a href="https://currencyrate.today/page/disclaimer" rel="nofollow">Legal Disclaimer</a></li>
					<li><a href="https://currencyrate.today/page/privacy" rel="nofollow">Privacy Policy</a></li>
				</ul>
				<p class="text-muted">Copyright &copy; <a href="https://currencyrate.today">Currency Converter</a></p>
			</div>
		</div>
	</div>
	<div id="scroll-to-top" class="scroll-top-wrapper">
        <span class="scroll-top-inner">
            <svg width="32" height="32" viewBox="0 0 1792 1792" xmlns="http://www.w3.org/2000/svg"><path d="M1675 971q0 51-37 90l-75 75q-38 38-91 38-54 0-90-38l-294-293v704q0 52-37.5 84.5t-90.5 32.5h-128q-53 0-90.5-32.5t-37.5-84.5v-704l-294 293q-36 38-90 38t-90-38l-75-75q-38-38-38-90 0-53 38-91l651-651q35-37 90-37 54 0 91 37l651 651q37 39 37 91z" fill="#ffffff"/></svg>
        </span>
    </div>
    <script async src="https://pagead2.googlesyndication.com/pagead/js/adsbygoogle.js"></script>
    <script async src="https://e7z2x3k7.stackpathcdn.com/f/js/common2.min.js"></script>
    	<script async src="https://www.googletagmanager.com/gtag/js?id=UA-55678424-1"></script>
	<script>
	  window.dataLayer = window.dataLayer || [];
	  function gtag(){dataLayer.push(arguments);}
	  gtag('js', new Date());
	  gtag('config', 'UA-55678424-1');
	</script>
	<script>(function (d, w, c) { (w[c] = w[c] || []).push(function() { try { w.yaCounter26601339 = new Ya.Metrika({ id:26601339, clickmap:true, trackLinks:true, accurateTrackBounce:true }); } catch(e) { } }); var n = d.getElementsByTagName("script")[0], s = d.createElement("script"), f = function () { n.parentNode.insertBefore(s, n); }; s.type = "text/javascript"; s.async = true; s.src = "//cdn.jsdelivr.net/npm/yandex-metrica-watch/watch.js"; if (w.opera == "[object Opera]") { d.addEventListener("DOMContentLoaded", f, false); } else { f(); } })(document, window, "yandex_metrika_callbacks");</script><script>!function(){if(!window.hasCookieConsent){window.hasCookieConsent=!0;var e="cookieconsent_dismissed";if(!(document.cookie.indexOf(e)>-1)){"function"!=typeof String.prototype.trim&&(String.prototype.trim=function(){return this.replace(/^\s+|\s+$/g,"")});var t,n={isArray:function(e){return"[object Array]"==Object.prototype.toString.call(e)},isObject:function(e){return"[object Object]"==Object.prototype.toString.call(e)},each:function(e,t,i,o){if(n.isObject(e)&&!o)for(var s in e)e.hasOwnProperty(s)&&t.call(i,e[s],s,e);else for(var r=0,a=e.length;a>r;r++)t.call(i,e[r],r,e)},merge:function(e,t){e&&n.each(t,function(t,i){n.isObject(t)&&n.isObject(e[i])?n.merge(e[i],t):e[i]=t})},bind:function(e,t){return function(){return e.apply(t,arguments)}},queryObject:function(e,t){var n,i=0,o=e;for(t=t.split(".");(n=t[i++])&&o.hasOwnProperty(n)&&(o=o[n]);)if(i===t.length)return o;return null},setCookie:function(e,t,n,i,o){n=n||365;var s=new Date;s.setDate(s.getDate()+n);var r=[e+"="+t,"expires="+s.toUTCString(),"path="+o||"/"];i&&r.push("domain="+i),document.cookie=r.join(";")},addEventListener:function(e,t,n){e.addEventListener?e.addEventListener(t,n):e.attachEvent("on"+t,n)}},i=(r=function(e,t,i){return n.isArray(t)?n.each(t,function(t){r(e,t,i)}):void(e.addEventListener?e.addEventListener(t,i):e.attachEvent("on"+t,i))},a=function(e,t,i){var o=e.parentNode.querySelectorAll("["+t+"]");n.each(o,function(e){var n=e.getAttribute(t);i(e,n)},window,!0)},{build:function(e,t){var i;n.isArray(e)&&(e=e.join("")),i=t,e=e.replace(/\{\{(.*?)\}\}/g,function(e,t){for(var o,s,r=t.split("||");s=r.shift();){if('"'===(s=s.trim())[0])return s.slice(1,s.length-1);if(o=n.queryObject(i,s))return o}return""});var o,s,c,l,u=(o=e,(s=document.createElement("div")).innerHTML=o,s.children[0]);return l=t,a(u,"data-cc-event",function(e,t){var i=t.split(":"),o=n.queryObject(l,i[1]);r(e,i[0],n.bind(o,l))}),c=t,a(u,"data-cc-if",function(e,t){n.queryObject(c,t)||e.parentNode.removeChild(e)}),u}}),o={options:{message:'This website uses <a href="https://currencyrate.today/page/privacy" class="alert-link" target="_blank"><b>privacy policy</b></a> and <b>cookies</b> to ensure you get the best experience on our website.',link:null,target:"_blank",container:null,domain:"currencyrate.today",path:"/",expiryDays:365,markup:['<div class="cc-alert alert-warning {{containerClasses}}">','<div class="small text-center">{{options.message}} <a href="#null" data-cc-event="click:dismiss" target="_blank" class="cc_btn cc_btn_accept_all btn btn-success btn-xs"><svg width="16" height="16" viewBox="0 0 1792 1792" xmlns="http://www.w3.org/2000/svg"><path d="M1671 566q0 40-28 68l-724 724-136 136q-28 28-68 28t-68-28l-136-136-362-362q-28-28-28-68t28-68l136-136q28-28 68-28t68 28l294 295 656-657q28-28 68-28t68 28l136 136q28 28 28 68z" fill="#fff"/></svg></a></div>',"</div>"]},init:function(){var e=window.cookieconsent_options;e&&this.setOptions(e),this.setContainer(),this.render()},setOptionsOnTheFly:function(e){this.setOptions(e),this.render()},setOptions:function(e){n.merge(this.options,e)},setContainer:function(){this.options.container?this.container=document.querySelector(this.options.container):this.container=document.body,this.containerClasses="",navigator.appVersion.indexOf("MSIE 8")>-1&&(this.containerClasses+=" cc_ie8")},render:function(){this.element&&this.element.parentNode&&(this.element.parentNode.removeChild(this.element),delete this.element),this.element=i.build(this.options.markup,this),this.container.firstChild?this.container.insertBefore(this.element,this.container.firstChild):this.container.appendChild(this.element)},dismiss:function(e){e.preventDefault&&e.preventDefault(),e.returnValue=!1,this.setDismissedCookie(),this.container.removeChild(this.element)},setDismissedCookie:function(){n.setCookie(e,"yes",this.options.expiryDays,this.options.domain,this.options.path)}},s=!1;(t=function(){s||"complete"!=document.readyState||(o.init(),s=!0,window.update_cookieconsent_options=n.bind(o.setOptionsOnTheFly,o))})(),n.addEventListener(document,"readystatechange",t)}}var r,a}();</script>    <!-- 0.0116 -->
    </body>
</html>